<?xml version="1.0" encoding="UTF-8"?>
<!-- Generated by org.testng.reporters.JUnitReportReporter -->
<testsuite hostname="DESKTOP-J4GD52D" failures="0" tests="9" name="testBookStore" time="27.527" errors="0" timestamp="2025-03-17T22:20:28 GMT+03:00" skipped="0">
  <testcase classname="testBookStore" name="testListGridChanges" time="0.118"/>
  <testcase classname="testBookStore" name="testAddtochartButton" time="8.947"/>
  <testcase classname="testBookStore" name="testCheckoutButton" time="2.601"/>
  <testcase classname="testBookStore" name="testDetailsButton" time="7.741"/>
  <testcase classname="testBookStore" name="testSearchBox" time="1.593"/>
  <testcase classname="testBookStore" name="testSearchBox" time="1.277"/>
  <testcase classname="testBookStore" name="testSearchBox" time="1.420"/>
  <testcase classname="testBookStore" name="testSearchBox" time="1.285"/>
  <testcase classname="testBookStore" name="testLogoutbutton" time="2.545"/>
</testsuite> <!-- testBookStore -->
